Active-HDL 10.1.3088.5434  2016-01-07 6:26:02 PM

Elaboration top modules:
Architecture                  arch(lfsr)


---------------------------------------------------------------------------------------------
Entity   | Architecture | Library | Info | Compiler Version            | Compilation Options
---------------------------------------------------------------------------------------------
lfsr     | arch         | lfsr64  |      | 10.1.3088.5434  (Windows64) | -O3
---------------------------------------------------------------------------------------------

---------------------------------------------------------------------------------------------
VHDL Package            | Library | Info | Compiler Version            | Compilation Options
---------------------------------------------------------------------------------------------
standard                | std     |      |                             | <unavailable>
TEXTIO                  | std     |      | 10.1.3088.5434  (Windows64) |  -2008
std_logic_1164          | ieee    |      | 10.1.3088.5434  (Windows64) |  -2008
---------------------------------------------------------------------------------------------

---------------------------------------------------------------------------------------------
Library                 | Comment
---------------------------------------------------------------------------------------------
ieee                    | Standard IEEE packages library
lfsr64                  | None
std                     | Standard VHDL library
---------------------------------------------------------------------------------------------


Simulation Options: asim -O5 +access +r +m+lfsr lfsr arch

